<?xml version="1.0" encoding="UTF-8"?>
<!-- Generated by org.testng.reporters.JUnitXMLReporter -->
<testsuite hostname="Bhushaya" ignored="0" name="Test" tests="12" failures="5" timestamp="17 Mar 2017 13:11:18 GMT" time="221.39" errors="0">
  <testcase name="@AfterClass closeBrowser" time="0.0" classname="com.SAFUI.Testscripts.AddNewRuleTestScript">
    <failure type="java.lang.NullPointerException">
      <![CDATA[java.lang.NullPointerException
	at com.SAFUI.Testscripts.AddNewRuleTestScript.closeBrowser(AddNewRuleTestScript.java:27)
... Removed 25 stack frames]]>
    </failure>
  </testcase> <!-- @AfterClass closeBrowser -->
  <testcase name="LoginPage" time="48.215" classname="com.SAFUI.Testscripts.LoginTestScript"/>
  <testcase name="LoginPage" time="43.866" classname="com.SAFUI.Testscripts.LoginTestScript"/>
  <testcase name="LoginPage" time="15.227" classname="com.SAFUI.Testscripts.LoginTestScript"/>
  <testcase name="LoginPage" time="8.647" classname="com.SAFUI.Testscripts.LoginTestScript"/>
  <testcase name="LoginPage" time="6.211" classname="com.SAFUI.Testscripts.LoginTestScript"/>
  <testcase name="LoginPage" time="8.247" classname="com.SAFUI.Testscripts.LoginTestScript"/>
  <testcase name="LoginPage" time="9.778" classname="com.SAFUI.Testscripts.LoginTestScript"/>
  <testcase name="AddNewRuleBtn" time="17.294" classname="com.SAFUI.Testscripts.AddNewRuleTestScript">
    <failure type="java.lang.NullPointerException">
      <![CDATA[java.lang.NullPointerException
	at com.SAFUI.Testscripts.AddNewRuleTestScript.AddNewRuleBtn(AddNewRuleTestScript.java:40)
... Removed 25 stack frames]]>
    </failure>
  </testcase> <!-- AddNewRuleBtn -->
  <testcase name="AddNewRuleBtn" time="23.15" classname="com.SAFUI.Testscripts.AddNewRuleTestScript">
    <failure type="java.lang.NullPointerException">
      <![CDATA[java.lang.NullPointerException
	at com.SAFUI.Testscripts.AddNewRuleTestScript.AddNewRuleBtn(AddNewRuleTestScript.java:40)
... Removed 25 stack frames]]>
    </failure>
  </testcase> <!-- AddNewRuleBtn -->
  <testcase name="AddNewRuleBtn" time="10.147" classname="com.SAFUI.Testscripts.AddNewRuleTestScript">
    <failure type="java.lang.NullPointerException">
      <![CDATA[java.lang.NullPointerException
	at com.SAFUI.Testscripts.AddNewRuleTestScript.AddNewRuleBtn(AddNewRuleTestScript.java:40)
... Removed 25 stack frames]]>
    </failure>
  </testcase> <!-- AddNewRuleBtn -->
  <testcase name="AddNewRuleBtn" time="1.084" classname="com.SAFUI.Testscripts.AddNewRuleTestScript">
    <failure type="java.lang.NullPointerException">
      <![CDATA[java.lang.NullPointerException
	at com.SAFUI.Testscripts.AddNewRuleTestScript.AddNewRuleBtn(AddNewRuleTestScript.java:40)
... Removed 25 stack frames]]>
    </failure>
  </testcase> <!-- AddNewRuleBtn -->
  <testcase name="AddNewRuleBtn" time="0.5" classname="com.SAFUI.Testscripts.AddNewRuleTestScript">
    <failure type="java.lang.NullPointerException">
      <![CDATA[java.lang.NullPointerException
	at com.SAFUI.Testscripts.AddNewRuleTestScript.AddNewRuleBtn(AddNewRuleTestScript.java:40)
... Removed 25 stack frames]]>
    </failure>
  </testcase> <!-- AddNewRuleBtn -->
</testsuite> <!-- Test -->
