<?xml version="1.0" encoding="UTF-8"?>
<testng-results skipped="0" failed="5" ignored="0" total="12" passed="7">
  <reporter-output>
  </reporter-output>
  <suite name="Suite" duration-ms="221390" started-at="2017-03-17T13:07:36Z" finished-at="2017-03-17T13:11:18Z">
    <groups>
    </groups>
    <test name="Test" duration-ms="221390" started-at="2017-03-17T13:07:36Z" finished-at="2017-03-17T13:11:18Z">
      <class name="com.SAFUI.Testscripts.LoginTestScript">
        <test-method status="PASS" signature="before()[pri:0, instance:com.SAFUI.Testscripts.LoginTestScript@3835c46]" name="before" is-config="true" duration-ms="34821" started-at="2017-03-17T18:37:02Z" finished-at="2017-03-17T18:37:36Z">
          <reporter-output>
          </reporter-output>
        </test-method> <!-- before -->
        <test-method status="PASS" signature="LoginPage(java.lang.String, java.lang.String)[pri:0, instance:com.SAFUI.Testscripts.LoginTestScript@3835c46]" name="LoginPage" duration-ms="48215" started-at="2017-03-17T18:37:44Z" data-provider="logindata" finished-at="2017-03-17T18:38:32Z">
          <params>
            <param index="0">
              <value>
                <![CDATA[account_admin@gslsaf.com]]>
              </value>
            </param>
            <param index="1">
              <value>
                <![CDATA[7458$%]]>
              </value>
            </param>
          </params>
          <reporter-output>
          </reporter-output>
        </test-method> <!-- LoginPage -->
        <test-method status="PASS" signature="LoginPage(java.lang.String, java.lang.String)[pri:0, instance:com.SAFUI.Testscripts.LoginTestScript@3835c46]" name="LoginPage" duration-ms="43866" started-at="2017-03-17T18:38:35Z" data-provider="logindata" finished-at="2017-03-17T18:39:19Z">
          <params>
            <param index="0">
              <value>
                <![CDATA[abc.pqr@gslsaf.com]]>
              </value>
            </param>
            <param index="1">
              <value>
                <![CDATA[123]]>
              </value>
            </param>
          </params>
          <reporter-output>
          </reporter-output>
        </test-method> <!-- LoginPage -->
        <test-method status="PASS" signature="LoginPage(java.lang.String, java.lang.String)[pri:0, instance:com.SAFUI.Testscripts.LoginTestScript@3835c46]" name="LoginPage" duration-ms="15227" started-at="2017-03-17T18:39:19Z" data-provider="logindata" finished-at="2017-03-17T18:39:34Z">
          <params>
            <param index="0">
              <value>
                <![CDATA[]]>
              </value>
            </param>
            <param index="1">
              <value>
                <![CDATA[]]>
              </value>
            </param>
          </params>
          <reporter-output>
          </reporter-output>
        </test-method> <!-- LoginPage -->
        <test-method status="PASS" signature="LoginPage(java.lang.String, java.lang.String)[pri:0, instance:com.SAFUI.Testscripts.LoginTestScript@3835c46]" name="LoginPage" duration-ms="8647" started-at="2017-03-17T18:39:34Z" data-provider="logindata" finished-at="2017-03-17T18:39:42Z">
          <params>
            <param index="0">
              <value>
                <![CDATA[]]>
              </value>
            </param>
            <param index="1">
              <value>
                <![CDATA[123]]>
              </value>
            </param>
          </params>
          <reporter-output>
          </reporter-output>
        </test-method> <!-- LoginPage -->
        <test-method status="PASS" signature="LoginPage(java.lang.String, java.lang.String)[pri:0, instance:com.SAFUI.Testscripts.LoginTestScript@3835c46]" name="LoginPage" duration-ms="6211" started-at="2017-03-17T18:39:42Z" data-provider="logindata" finished-at="2017-03-17T18:39:49Z">
          <params>
            <param index="0">
              <value>
                <![CDATA[account_admin@gslsaf.com]]>
              </value>
            </param>
            <param index="1">
              <value>
                <![CDATA[]]>
              </value>
            </param>
          </params>
          <reporter-output>
          </reporter-output>
        </test-method> <!-- LoginPage -->
        <test-method status="PASS" signature="LoginPage(java.lang.String, java.lang.String)[pri:0, instance:com.SAFUI.Testscripts.LoginTestScript@3835c46]" name="LoginPage" duration-ms="8247" started-at="2017-03-17T18:39:49Z" data-provider="logindata" finished-at="2017-03-17T18:39:57Z">
          <params>
            <param index="0">
              <value>
                <![CDATA[friends@gslgy.com]]>
              </value>
            </param>
            <param index="1">
              <value>
                <![CDATA[6478$3]]>
              </value>
            </param>
          </params>
          <reporter-output>
          </reporter-output>
        </test-method> <!-- LoginPage -->
        <test-method status="PASS" signature="LoginPage(java.lang.String, java.lang.String)[pri:0, instance:com.SAFUI.Testscripts.LoginTestScript@3835c46]" name="LoginPage" duration-ms="9778" started-at="2017-03-17T18:39:57Z" data-provider="logindata" finished-at="2017-03-17T18:40:07Z">
          <params>
            <param index="0">
              <value>
                <![CDATA[account_admin@gslsaf.com]]>
              </value>
            </param>
            <param index="1">
              <value>
                <![CDATA[123]]>
              </value>
            </param>
          </params>
          <reporter-output>
          </reporter-output>
        </test-method> <!-- LoginPage -->
        <test-method status="PASS" signature="after()[pri:0, instance:com.SAFUI.Testscripts.LoginTestScript@3835c46]" name="after" is-config="true" duration-ms="1" started-at="2017-03-17T18:40:07Z" finished-at="2017-03-17T18:40:07Z">
          <reporter-output>
          </reporter-output>
        </test-method> <!-- after -->
      </class> <!-- com.SAFUI.Testscripts.LoginTestScript -->
      <class name="com.SAFUI.Testscripts.AddNewRuleTestScript">
        <test-method status="PASS" signature="before()[pri:0, instance:com.SAFUI.Testscripts.AddNewRuleTestScript@1dde4cb2]" name="before" is-config="true" duration-ms="1" started-at="2017-03-17T18:40:07Z" finished-at="2017-03-17T18:40:07Z">
          <reporter-output>
          </reporter-output>
        </test-method> <!-- before -->
        <test-method status="FAIL" signature="AddNewRuleBtn(java.lang.String, java.lang.String, java.lang.String, java.lang.String, java.lang.String, java.lang.String, java.lang.String, java.lang.String, java.lang.String, java.lang.String, java.lang.String, java.lang.String, java.lang.String)[pri:1, instance:com.SAFUI.Testscripts.AddNewRuleTestScript@1dde4cb2]" name="AddNewRuleBtn" duration-ms="17294" started-at="2017-03-17T18:40:24Z" data-provider="Addnewruletestdata" finished-at="2017-03-17T18:40:41Z">
          <params>
            <param index="0">
              <value>
                <![CDATA[Bandwidth Rule]]>
              </value>
            </param>
            <param index="1">
              <value>
                <![CDATA[NORMAL]]>
              </value>
            </param>
            <param index="2">
              <value>
                <![CDATA[tag]]>
              </value>
            </param>
            <param index="3">
              <value>
                <![CDATA[~=]]>
              </value>
            </param>
            <param index="4">
              <value>
                <![CDATA[wlc_client_data]]>
              </value>
            </param>
            <param index="5">
              <value>
                <![CDATA[SUM]]>
              </value>
            </param>
            <param index="6">
              <value>
                <![CDATA[BANDWIDTH]]>
              </value>
            </param>
            <param index="7">
              <value>
                <![CDATA[>=]]>
              </value>
            </param>
            <param index="8">
              <value>
                <![CDATA[100]]>
              </value>
            </param>
            <param index="9">
              <value>
                <![CDATA[20]]>
              </value>
            </param>
            <param index="10">
              <value>
                <![CDATA[ %{aggregation} %{metric} %{expression} %{comparator} %{triggervalue} %{timewindow}]]>
              </value>
            </param>
            <param index="11">
              <value>
                <![CDATA[C1]]>
              </value>
            </param>
            <param index="12">
              <value>
                <![CDATA[Bandwidth rule]]>
              </value>
            </param>
          </params>
          <exception class="java.lang.NullPointerException">
            <full-stacktrace>
              <![CDATA[java.lang.NullPointerException
	at com.SAFUI.Testscripts.AddNewRuleTestScript.AddNewRuleBtn(AddNewRuleTestScript.java:40)
	at sun.reflect.NativeMethodAccessorImpl.invoke0(Native Method)
	at sun.reflect.NativeMethodAccessorImpl.invoke(Unknown Source)
	at sun.reflect.DelegatingMethodAccessorImpl.invoke(Unknown Source)
	at java.lang.reflect.Method.invoke(Unknown Source)
	at org.testng.internal.MethodInvocationHelper.invokeMethod(MethodInvocationHelper.java:104)
	at org.testng.internal.Invoker.invokeMethod(Invoker.java:645)
	at org.testng.internal.Invoker.invokeTestMethod(Invoker.java:851)
	at org.testng.internal.Invoker.invokeTestMethods(Invoker.java:1177)
	at org.testng.internal.TestMethodWorker.invokeTestMethods(TestMethodWorker.java:129)
	at org.testng.internal.TestMethodWorker.run(TestMethodWorker.java:112)
	at org.testng.TestRunner.privateRun(TestRunner.java:756)
	at org.testng.TestRunner.run(TestRunner.java:610)
	at org.testng.SuiteRunner.runTest(SuiteRunner.java:387)
	at org.testng.SuiteRunner.runSequentially(SuiteRunner.java:382)
	at org.testng.SuiteRunner.privateRun(SuiteRunner.java:340)
	at org.testng.SuiteRunner.run(SuiteRunner.java:289)
	at org.testng.SuiteRunnerWorker.runSuite(SuiteRunnerWorker.java:52)
	at org.testng.SuiteRunnerWorker.run(SuiteRunnerWorker.java:86)
	at org.testng.TestNG.runSuitesSequentially(TestNG.java:1293)
	at org.testng.TestNG.runSuitesLocally(TestNG.java:1218)
	at org.testng.TestNG.runSuites(TestNG.java:1133)
	at org.testng.TestNG.run(TestNG.java:1104)
	at org.testng.remote.AbstractRemoteTestNG.run(AbstractRemoteTestNG.java:132)
	at org.testng.remote.RemoteTestNG.initAndRun(RemoteTestNG.java:236)
	at org.testng.remote.RemoteTestNG.main(RemoteTestNG.java:81)
]]>
            </full-stacktrace>
          </exception> <!-- java.lang.NullPointerException -->
          <reporter-output>
          </reporter-output>
        </test-method> <!-- AddNewRuleBtn -->
        <test-method status="FAIL" signature="AddNewRuleBtn(java.lang.String, java.lang.String, java.lang.String, java.lang.String, java.lang.String, java.lang.String, java.lang.String, java.lang.String, java.lang.String, java.lang.String, java.lang.String, java.lang.String, java.lang.String)[pri:1, instance:com.SAFUI.Testscripts.AddNewRuleTestScript@1dde4cb2]" name="AddNewRuleBtn" duration-ms="23150" started-at="2017-03-17T18:40:41Z" data-provider="Addnewruletestdata" finished-at="2017-03-17T18:41:04Z">
          <params>
            <param index="0">
              <value>
                <![CDATA[Count of users]]>
              </value>
            </param>
            <param index="1">
              <value>
                <![CDATA[CRITICAL]]>
              </value>
            </param>
            <param index="2">
              <value>
                <![CDATA[tag]]>
              </value>
            </param>
            <param index="3">
              <value>
                <![CDATA[==]]>
              </value>
            </param>
            <param index="4">
              <value>
                <![CDATA[wlc_ap_data]]>
              </value>
            </param>
            <param index="5">
              <value>
                <![CDATA[COUNT]]>
              </value>
            </param>
            <param index="6">
              <value>
                <![CDATA[APSLOTS]]>
              </value>
            </param>
            <param index="7">
              <value>
                <![CDATA[==]]>
              </value>
            </param>
            <param index="8">
              <value>
                <![CDATA[20]]>
              </value>
            </param>
            <param index="9">
              <value>
                <![CDATA[10]]>
              </value>
            </param>
            <param index="10">
              <value>
                <![CDATA[ %{aggregation} %{metric} %{expression} %{comparator} %{triggervalue} %{timewindow}]]>
              </value>
            </param>
            <param index="11">
              <value>
                <![CDATA[C1]]>
              </value>
            </param>
            <param index="12">
              <value>
                <![CDATA[Count of users]]>
              </value>
            </param>
          </params>
          <exception class="java.lang.NullPointerException">
            <full-stacktrace>
              <![CDATA[java.lang.NullPointerException
	at com.SAFUI.Testscripts.AddNewRuleTestScript.AddNewRuleBtn(AddNewRuleTestScript.java:40)
	at sun.reflect.NativeMethodAccessorImpl.invoke0(Native Method)
	at sun.reflect.NativeMethodAccessorImpl.invoke(Unknown Source)
	at sun.reflect.DelegatingMethodAccessorImpl.invoke(Unknown Source)
	at java.lang.reflect.Method.invoke(Unknown Source)
	at org.testng.internal.MethodInvocationHelper.invokeMethod(MethodInvocationHelper.java:104)
	at org.testng.internal.Invoker.invokeMethod(Invoker.java:645)
	at org.testng.internal.Invoker.invokeTestMethod(Invoker.java:851)
	at org.testng.internal.Invoker.invokeTestMethods(Invoker.java:1177)
	at org.testng.internal.TestMethodWorker.invokeTestMethods(TestMethodWorker.java:129)
	at org.testng.internal.TestMethodWorker.run(TestMethodWorker.java:112)
	at org.testng.TestRunner.privateRun(TestRunner.java:756)
	at org.testng.TestRunner.run(TestRunner.java:610)
	at org.testng.SuiteRunner.runTest(SuiteRunner.java:387)
	at org.testng.SuiteRunner.runSequentially(SuiteRunner.java:382)
	at org.testng.SuiteRunner.privateRun(SuiteRunner.java:340)
	at org.testng.SuiteRunner.run(SuiteRunner.java:289)
	at org.testng.SuiteRunnerWorker.runSuite(SuiteRunnerWorker.java:52)
	at org.testng.SuiteRunnerWorker.run(SuiteRunnerWorker.java:86)
	at org.testng.TestNG.runSuitesSequentially(TestNG.java:1293)
	at org.testng.TestNG.runSuitesLocally(TestNG.java:1218)
	at org.testng.TestNG.runSuites(TestNG.java:1133)
	at org.testng.TestNG.run(TestNG.java:1104)
	at org.testng.remote.AbstractRemoteTestNG.run(AbstractRemoteTestNG.java:132)
	at org.testng.remote.RemoteTestNG.initAndRun(RemoteTestNG.java:236)
	at org.testng.remote.RemoteTestNG.main(RemoteTestNG.java:81)
]]>
            </full-stacktrace>
          </exception> <!-- java.lang.NullPointerException -->
          <reporter-output>
          </reporter-output>
        </test-method> <!-- AddNewRuleBtn -->
        <test-method status="FAIL" signature="AddNewRuleBtn(java.lang.String, java.lang.String, java.lang.String, java.lang.String, java.lang.String, java.lang.String, java.lang.String, java.lang.String, java.lang.String, java.lang.String, java.lang.String, java.lang.String, java.lang.String)[pri:1, instance:com.SAFUI.Testscripts.AddNewRuleTestScript@1dde4cb2]" name="AddNewRuleBtn" duration-ms="10147" started-at="2017-03-17T18:41:04Z" data-provider="Addnewruletestdata" finished-at="2017-03-17T18:41:14Z">
          <params>
            <param index="0">
              <value>
                <![CDATA[Count of clientcount]]>
              </value>
            </param>
            <param index="1">
              <value>
                <![CDATA[IMPORTANT]]>
              </value>
            </param>
            <param index="2">
              <value>
                <![CDATA[APMODEL]]>
              </value>
            </param>
            <param index="3">
              <value>
                <![CDATA[~=]]>
              </value>
            </param>
            <param index="4">
              <value>
                <![CDATA[AIR-CAP3702I-N-K9]]>
              </value>
            </param>
            <param index="5">
              <value>
                <![CDATA[COUNT]]>
              </value>
            </param>
            <param index="6">
              <value>
                <![CDATA[CLIENTCOUNT]]>
              </value>
            </param>
            <param index="7">
              <value>
                <![CDATA[>=]]>
              </value>
            </param>
            <param index="8">
              <value>
                <![CDATA[100]]>
              </value>
            </param>
            <param index="9">
              <value>
                <![CDATA[30]]>
              </value>
            </param>
            <param index="10">
              <value>
                <![CDATA[ %{aggregation} %{metric} %{expression} %{comparator} %{triggervalue} %{timewindow}]]>
              </value>
            </param>
            <param index="11">
              <value>
                <![CDATA[C1]]>
              </value>
            </param>
            <param index="12">
              <value>
                <![CDATA[Count of Clientcount]]>
              </value>
            </param>
          </params>
          <exception class="java.lang.NullPointerException">
            <full-stacktrace>
              <![CDATA[java.lang.NullPointerException
	at com.SAFUI.Testscripts.AddNewRuleTestScript.AddNewRuleBtn(AddNewRuleTestScript.java:40)
	at sun.reflect.NativeMethodAccessorImpl.invoke0(Native Method)
	at sun.reflect.NativeMethodAccessorImpl.invoke(Unknown Source)
	at sun.reflect.DelegatingMethodAccessorImpl.invoke(Unknown Source)
	at java.lang.reflect.Method.invoke(Unknown Source)
	at org.testng.internal.MethodInvocationHelper.invokeMethod(MethodInvocationHelper.java:104)
	at org.testng.internal.Invoker.invokeMethod(Invoker.java:645)
	at org.testng.internal.Invoker.invokeTestMethod(Invoker.java:851)
	at org.testng.internal.Invoker.invokeTestMethods(Invoker.java:1177)
	at org.testng.internal.TestMethodWorker.invokeTestMethods(TestMethodWorker.java:129)
	at org.testng.internal.TestMethodWorker.run(TestMethodWorker.java:112)
	at org.testng.TestRunner.privateRun(TestRunner.java:756)
	at org.testng.TestRunner.run(TestRunner.java:610)
	at org.testng.SuiteRunner.runTest(SuiteRunner.java:387)
	at org.testng.SuiteRunner.runSequentially(SuiteRunner.java:382)
	at org.testng.SuiteRunner.privateRun(SuiteRunner.java:340)
	at org.testng.SuiteRunner.run(SuiteRunner.java:289)
	at org.testng.SuiteRunnerWorker.runSuite(SuiteRunnerWorker.java:52)
	at org.testng.SuiteRunnerWorker.run(SuiteRunnerWorker.java:86)
	at org.testng.TestNG.runSuitesSequentially(TestNG.java:1293)
	at org.testng.TestNG.runSuitesLocally(TestNG.java:1218)
	at org.testng.TestNG.runSuites(TestNG.java:1133)
	at org.testng.TestNG.run(TestNG.java:1104)
	at org.testng.remote.AbstractRemoteTestNG.run(AbstractRemoteTestNG.java:132)
	at org.testng.remote.RemoteTestNG.initAndRun(RemoteTestNG.java:236)
	at org.testng.remote.RemoteTestNG.main(RemoteTestNG.java:81)
]]>
            </full-stacktrace>
          </exception> <!-- java.lang.NullPointerException -->
          <reporter-output>
          </reporter-output>
        </test-method> <!-- AddNewRuleBtn -->
        <test-method status="FAIL" signature="AddNewRuleBtn(java.lang.String, java.lang.String, java.lang.String, java.lang.String, java.lang.String, java.lang.String, java.lang.String, java.lang.String, java.lang.String, java.lang.String, java.lang.String, java.lang.String, java.lang.String)[pri:1, instance:com.SAFUI.Testscripts.AddNewRuleTestScript@1dde4cb2]" name="AddNewRuleBtn" duration-ms="1084" started-at="2017-03-17T18:41:16Z" data-provider="Addnewruletestdata" finished-at="2017-03-17T18:41:17Z">
          <params>
            <param index="0">
              <value>
                <![CDATA[Timestamp Rule]]>
              </value>
            </param>
            <param index="1">
              <value>
                <![CDATA[MINOR]]>
              </value>
            </param>
            <param index="2">
              <value>
                <![CDATA[Timestamp]]>
              </value>
            </param>
            <param index="3">
              <value>
                <![CDATA[>=]]>
              </value>
            </param>
            <param index="4">
              <value>
                <![CDATA[2017-03-03 18:56:55.177+0530]]>
              </value>
            </param>
            <param index="5">
              <value>
                <![CDATA[SUM]]>
              </value>
            </param>
            <param index="6">
              <value>
                <![CDATA[BANDWIDTH]]>
              </value>
            </param>
            <param index="7">
              <value>
                <![CDATA[>=]]>
              </value>
            </param>
            <param index="8">
              <value>
                <![CDATA[100]]>
              </value>
            </param>
            <param index="9">
              <value>
                <![CDATA[20]]>
              </value>
            </param>
            <param index="10">
              <value>
                <![CDATA[ %{aggregation} %{metric} %{expression} %{comparator} %{triggervalue} %{timewindow}]]>
              </value>
            </param>
            <param index="11">
              <value>
                <![CDATA[C1]]>
              </value>
            </param>
            <param index="12">
              <value>
                <![CDATA[Bandwidth rule]]>
              </value>
            </param>
          </params>
          <exception class="java.lang.NullPointerException">
            <full-stacktrace>
              <![CDATA[java.lang.NullPointerException
	at com.SAFUI.Testscripts.AddNewRuleTestScript.AddNewRuleBtn(AddNewRuleTestScript.java:40)
	at sun.reflect.NativeMethodAccessorImpl.invoke0(Native Method)
	at sun.reflect.NativeMethodAccessorImpl.invoke(Unknown Source)
	at sun.reflect.DelegatingMethodAccessorImpl.invoke(Unknown Source)
	at java.lang.reflect.Method.invoke(Unknown Source)
	at org.testng.internal.MethodInvocationHelper.invokeMethod(MethodInvocationHelper.java:104)
	at org.testng.internal.Invoker.invokeMethod(Invoker.java:645)
	at org.testng.internal.Invoker.invokeTestMethod(Invoker.java:851)
	at org.testng.internal.Invoker.invokeTestMethods(Invoker.java:1177)
	at org.testng.internal.TestMethodWorker.invokeTestMethods(TestMethodWorker.java:129)
	at org.testng.internal.TestMethodWorker.run(TestMethodWorker.java:112)
	at org.testng.TestRunner.privateRun(TestRunner.java:756)
	at org.testng.TestRunner.run(TestRunner.java:610)
	at org.testng.SuiteRunner.runTest(SuiteRunner.java:387)
	at org.testng.SuiteRunner.runSequentially(SuiteRunner.java:382)
	at org.testng.SuiteRunner.privateRun(SuiteRunner.java:340)
	at org.testng.SuiteRunner.run(SuiteRunner.java:289)
	at org.testng.SuiteRunnerWorker.runSuite(SuiteRunnerWorker.java:52)
	at org.testng.SuiteRunnerWorker.run(SuiteRunnerWorker.java:86)
	at org.testng.TestNG.runSuitesSequentially(TestNG.java:1293)
	at org.testng.TestNG.runSuitesLocally(TestNG.java:1218)
	at org.testng.TestNG.runSuites(TestNG.java:1133)
	at org.testng.TestNG.run(TestNG.java:1104)
	at org.testng.remote.AbstractRemoteTestNG.run(AbstractRemoteTestNG.java:132)
	at org.testng.remote.RemoteTestNG.initAndRun(RemoteTestNG.java:236)
	at org.testng.remote.RemoteTestNG.main(RemoteTestNG.java:81)
]]>
            </full-stacktrace>
          </exception> <!-- java.lang.NullPointerException -->
          <reporter-output>
          </reporter-output>
        </test-method> <!-- AddNewRuleBtn -->
        <test-method status="FAIL" signature="AddNewRuleBtn(java.lang.String, java.lang.String, java.lang.String, java.lang.String, java.lang.String, java.lang.String, java.lang.String, java.lang.String, java.lang.String, java.lang.String, java.lang.String, java.lang.String, java.lang.String)[pri:1, instance:com.SAFUI.Testscripts.AddNewRuleTestScript@1dde4cb2]" name="AddNewRuleBtn" duration-ms="500" started-at="2017-03-17T18:41:17Z" data-provider="Addnewruletestdata" finished-at="2017-03-17T18:41:18Z">
          <params>
            <param index="0">
              <value>
                <![CDATA[Filter by AP Name]]>
              </value>
            </param>
            <param index="1">
              <value>
                <![CDATA[NORMAL]]>
              </value>
            </param>
            <param index="2">
              <value>
                <![CDATA[APNAME]]>
              </value>
            </param>
            <param index="3">
              <value>
                <![CDATA[~=]]>
              </value>
            </param>
            <param index="4">
              <value>
                <![CDATA[AA_6F_04]]>
              </value>
            </param>
            <param index="5">
              <value>
                <![CDATA[SUM]]>
              </value>
            </param>
            <param index="6">
              <value>
                <![CDATA[CLIENTCOUNT]]>
              </value>
            </param>
            <param index="7">
              <value>
                <![CDATA[>=]]>
              </value>
            </param>
            <param index="8">
              <value>
                <![CDATA[25]]>
              </value>
            </param>
            <param index="9">
              <value>
                <![CDATA[50]]>
              </value>
            </param>
            <param index="10">
              <value>
                <![CDATA[ %{aggregation} %{metric} %{expression} %{comparator} %{triggervalue} %{timewindow}]]>
              </value>
            </param>
            <param index="11">
              <value>
                <![CDATA[C1]]>
              </value>
            </param>
            <param index="12">
              <value>
                <![CDATA[Filter by {APNAME}]]>
              </value>
            </param>
          </params>
          <exception class="java.lang.NullPointerException">
            <full-stacktrace>
              <![CDATA[java.lang.NullPointerException
	at com.SAFUI.Testscripts.AddNewRuleTestScript.AddNewRuleBtn(AddNewRuleTestScript.java:40)
	at sun.reflect.NativeMethodAccessorImpl.invoke0(Native Method)
	at sun.reflect.NativeMethodAccessorImpl.invoke(Unknown Source)
	at sun.reflect.DelegatingMethodAccessorImpl.invoke(Unknown Source)
	at java.lang.reflect.Method.invoke(Unknown Source)
	at org.testng.internal.MethodInvocationHelper.invokeMethod(MethodInvocationHelper.java:104)
	at org.testng.internal.Invoker.invokeMethod(Invoker.java:645)
	at org.testng.internal.Invoker.invokeTestMethod(Invoker.java:851)
	at org.testng.internal.Invoker.invokeTestMethods(Invoker.java:1177)
	at org.testng.internal.TestMethodWorker.invokeTestMethods(TestMethodWorker.java:129)
	at org.testng.internal.TestMethodWorker.run(TestMethodWorker.java:112)
	at org.testng.TestRunner.privateRun(TestRunner.java:756)
	at org.testng.TestRunner.run(TestRunner.java:610)
	at org.testng.SuiteRunner.runTest(SuiteRunner.java:387)
	at org.testng.SuiteRunner.runSequentially(SuiteRunner.java:382)
	at org.testng.SuiteRunner.privateRun(SuiteRunner.java:340)
	at org.testng.SuiteRunner.run(SuiteRunner.java:289)
	at org.testng.SuiteRunnerWorker.runSuite(SuiteRunnerWorker.java:52)
	at org.testng.SuiteRunnerWorker.run(SuiteRunnerWorker.java:86)
	at org.testng.TestNG.runSuitesSequentially(TestNG.java:1293)
	at org.testng.TestNG.runSuitesLocally(TestNG.java:1218)
	at org.testng.TestNG.runSuites(TestNG.java:1133)
	at org.testng.TestNG.run(TestNG.java:1104)
	at org.testng.remote.AbstractRemoteTestNG.run(AbstractRemoteTestNG.java:132)
	at org.testng.remote.RemoteTestNG.initAndRun(RemoteTestNG.java:236)
	at org.testng.remote.RemoteTestNG.main(RemoteTestNG.java:81)
]]>
            </full-stacktrace>
          </exception> <!-- java.lang.NullPointerException -->
          <reporter-output>
          </reporter-output>
        </test-method> <!-- AddNewRuleBtn -->
        <test-method status="FAIL" signature="closeBrowser()[pri:0, instance:com.SAFUI.Testscripts.AddNewRuleTestScript@1dde4cb2]" name="closeBrowser" is-config="true" duration-ms="0" started-at="2017-03-17T18:41:18Z" finished-at="2017-03-17T18:41:18Z">
          <exception class="java.lang.NullPointerException">
            <full-stacktrace>
              <![CDATA[java.lang.NullPointerException
	at com.SAFUI.Testscripts.AddNewRuleTestScript.closeBrowser(AddNewRuleTestScript.java:27)
	at sun.reflect.NativeMethodAccessorImpl.invoke0(Native Method)
	at sun.reflect.NativeMethodAccessorImpl.invoke(Unknown Source)
	at sun.reflect.DelegatingMethodAccessorImpl.invoke(Unknown Source)
	at java.lang.reflect.Method.invoke(Unknown Source)
	at org.testng.internal.MethodInvocationHelper.invokeMethod(MethodInvocationHelper.java:104)
	at org.testng.internal.Invoker.invokeConfigurationMethod(Invoker.java:515)
	at org.testng.internal.Invoker.invokeConfigurations(Invoker.java:217)
	at org.testng.internal.Invoker.invokeConfigurations(Invoker.java:144)
	at org.testng.internal.TestMethodWorker.invokeAfterClassMethods(TestMethodWorker.java:217)
	at org.testng.internal.TestMethodWorker.run(TestMethodWorker.java:115)
	at org.testng.TestRunner.privateRun(TestRunner.java:756)
	at org.testng.TestRunner.run(TestRunner.java:610)
	at org.testng.SuiteRunner.runTest(SuiteRunner.java:387)
	at org.testng.SuiteRunner.runSequentially(SuiteRunner.java:382)
	at org.testng.SuiteRunner.privateRun(SuiteRunner.java:340)
	at org.testng.SuiteRunner.run(SuiteRunner.java:289)
	at org.testng.SuiteRunnerWorker.runSuite(SuiteRunnerWorker.java:52)
	at org.testng.SuiteRunnerWorker.run(SuiteRunnerWorker.java:86)
	at org.testng.TestNG.runSuitesSequentially(TestNG.java:1293)
	at org.testng.TestNG.runSuitesLocally(TestNG.java:1218)
	at org.testng.TestNG.runSuites(TestNG.java:1133)
	at org.testng.TestNG.run(TestNG.java:1104)
	at org.testng.remote.AbstractRemoteTestNG.run(AbstractRemoteTestNG.java:132)
	at org.testng.remote.RemoteTestNG.initAndRun(RemoteTestNG.java:236)
	at org.testng.remote.RemoteTestNG.main(RemoteTestNG.java:81)
]]>
            </full-stacktrace>
          </exception> <!-- java.lang.NullPointerException -->
          <reporter-output>
          </reporter-output>
        </test-method> <!-- closeBrowser -->
      </class> <!-- com.SAFUI.Testscripts.AddNewRuleTestScript -->
    </test> <!-- Test -->
  </suite> <!-- Suite -->
</testng-results>
